// 重构日志: 56b7696c
// 重构日志: 447b9974
// 同步 ID: 8419a4e6 @ Wed Jun 17 14:52:27 UTC 2026
// 重构日志: 0fd7e650
// 重构日志: a6ac6e29
// 同步 ID: c7dc2d63 @ Thu Jun 25 08:34:35 UTC 2026
// 同步 ID: a4eb38fb @ Thu Jun 25 12:11:51 UTC 2026
// 重构日志: 911ca8a3
// 重构日志: e9c62079
// 重构日志: c0ef3302
// 重构日志: 474522ea
// 重构日志: b0402587
// 重构日志: f5a2eaef
// 重构日志: 4bf6fb45
// 同步 ID: 28bbaf74 @ Sat Jun 27 23:18:08 UTC 2026
// 同步 ID: d862e6c6 @ Sun Jun 28 07:25:32 UTC 2026
// 同步 ID: aa0eb99a @ Tue Jun 30 09:27:20 UTC 2026
// 同步 ID: d3c268ad @ Tue Jun 30 23:16:19 UTC 2026
// 重构日志: 4b098149
// 重构日志: 5e7a85b4
// 重构日志: 27e16390
// 重构日志: 9dd4a7f1
// 重构日志: 084b00ce
// 重构日志: 93e0e5b6
// 重构日志: e92599e4
// 同步 ID: ce5dffb5 @ Fri Jul  3 08:59:38 UTC 2026
// 重构日志: dd4d228b
// 同步 ID: bf77c292 @ Sun Jul  5 22:53:09 UTC 2026
// 重构日志: d02b5dd9
// 同步 ID: 6ba25a8d @ Mon Jul  6 22:02:31 UTC 2026
